<?xml version="1.0" encoding="UTF-8"?>
<testsuite name="org.gradle.sample.services.PersonServiceTest" tests="1" skipped="0" failures="0" errors="0" timestamp="2016-02-02T13:09:40" hostname="baidudeMacBook-Pro-2.local" time="0.216">
  <properties/>
  <testcase name="testFindPerson" classname="org.gradle.sample.services.PersonServiceTest" time="0.216"/>
  <system-out><![CDATA[*** Checking ***
]]></system-out>
  <system-err><![CDATA[]]></system-err>
</testsuite>
